<?xml version="1.0" encoding="UTF-8"?>
<!-- Generated by org.testng.reporters.JUnitReportReporter -->
<testsuite skipped="0" hostname="DESKTOP-HRCUL5E" name="tests.AmazonDemoTest" tests="2" failures="0" timestamp="2021-11-25T15:02:41 IST" time="68.163" errors="0">
  <testcase name="amazonTest" time="30.901" classname="tests.AmazonDemoTest"/>
  <system-out/>
  <testcase name="amazonTest" time="37.262" classname="tests.AmazonDemoTest"/>
  <system-out/>
</testsuite> <!-- tests.AmazonDemoTest -->
